25-Sep-2021 16:29:02.881 INFO [main] org.apache.catalina.startup.VersionLoggerListener.log Server version name:   Apache Tomcat/10.0.11
25-Sep-2021 16:29:02.885 INFO [main] org.apache.catalina.startup.VersionLoggerListener.log Server built:          Sep 6 2021 16:22:12 UTC
25-Sep-2021 16:29:02.885 INFO [main] org.apache.catalina.startup.VersionLoggerListener.log Server version number: 10.0.11.0
25-Sep-2021 16:29:02.886 INFO [main] org.apache.catalina.startup.VersionLoggerListener.log OS Name:               Windows 10
25-Sep-2021 16:29:02.886 INFO [main] org.apache.catalina.startup.VersionLoggerListener.log OS Version:            10.0
25-Sep-2021 16:29:02.886 INFO [main] org.apache.catalina.startup.VersionLoggerListener.log Architecture:          amd64
25-Sep-2021 16:29:02.886 INFO [main] org.apache.catalina.startup.VersionLoggerListener.log Java Home:             C:\Program Files\Java\jdk-15.0.2
25-Sep-2021 16:29:02.886 INFO [main] org.apache.catalina.startup.VersionLoggerListener.log JVM Version:           15.0.2+7-27
25-Sep-2021 16:29:02.887 INFO [main] org.apache.catalina.startup.VersionLoggerListener.log JVM Vendor:            Oracle Corporation
25-Sep-2021 16:29:02.887 INFO [main] org.apache.catalina.startup.VersionLoggerListener.log CATALINA_BASE:         C:\Users\noah\Documents\NMT\CSE 321\zolink\apache-tomcat-10.0.11
25-Sep-2021 16:29:02.887 INFO [main] org.apache.catalina.startup.VersionLoggerListener.log CATALINA_HOME:         C:\Users\noah\Documents\NMT\CSE 321\zolink\apache-tomcat-10.0.11
25-Sep-2021 16:29:02.903 INFO [main] org.apache.catalina.startup.VersionLoggerListener.log Command line argument: --add-opens=java.base/java.lang=ALL-UNNAMED
25-Sep-2021 16:29:02.903 INFO [main] org.apache.catalina.startup.VersionLoggerListener.log Command line argument: --add-opens=java.base/java.io=ALL-UNNAMED
25-Sep-2021 16:29:02.903 INFO [main] org.apache.catalina.startup.VersionLoggerListener.log Command line argument: --add-opens=java.base/java.util=ALL-UNNAMED
25-Sep-2021 16:29:02.904 INFO [main] org.apache.catalina.startup.VersionLoggerListener.log Command line argument: --add-opens=java.base/java.util.concurrent=ALL-UNNAMED
25-Sep-2021 16:29:02.904 INFO [main] org.apache.catalina.startup.VersionLoggerListener.log Command line argument: --add-opens=java.rmi/sun.rmi.transport=ALL-UNNAMED
25-Sep-2021 16:29:02.904 INFO [main] org.apache.catalina.startup.VersionLoggerListener.log Command line argument: -Djava.util.logging.config.file=C:\Users\noah\Documents\NMT\CSE 321\zolink\apache-tomcat-10.0.11\conf\logging.properties
25-Sep-2021 16:29:02.904 INFO [main] org.apache.catalina.startup.VersionLoggerListener.log Command line argument: -Djava.util.logging.manager=org.apache.juli.ClassLoaderLogManager
25-Sep-2021 16:29:02.905 INFO [main] org.apache.catalina.startup.VersionLoggerListener.log Command line argument: -Dhttp.nonProxyHosts=localhost|127.0.0.1|MSI
25-Sep-2021 16:29:02.905 INFO [main] org.apache.catalina.startup.VersionLoggerListener.log Command line argument: -Djdk.tls.ephemeralDHKeySize=2048
25-Sep-2021 16:29:02.905 INFO [main] org.apache.catalina.startup.VersionLoggerListener.log Command line argument: -Djava.protocol.handler.pkgs=org.apache.catalina.webresources
25-Sep-2021 16:29:02.906 INFO [main] org.apache.catalina.startup.VersionLoggerListener.log Command line argument: -Dignore.endorsed.dirs=
25-Sep-2021 16:29:02.906 INFO [main] org.apache.catalina.startup.VersionLoggerListener.log Command line argument: -Dcatalina.base=C:\Users\noah\Documents\NMT\CSE 321\zolink\apache-tomcat-10.0.11
25-Sep-2021 16:29:02.906 INFO [main] org.apache.catalina.startup.VersionLoggerListener.log Command line argument: -Dcatalina.home=C:\Users\noah\Documents\NMT\CSE 321\zolink\apache-tomcat-10.0.11
25-Sep-2021 16:29:02.906 INFO [main] org.apache.catalina.startup.VersionLoggerListener.log Command line argument: -Djava.io.tmpdir=C:\Users\noah\Documents\NMT\CSE 321\zolink\apache-tomcat-10.0.11\temp
25-Sep-2021 16:29:02.912 INFO [main] org.apache.catalina.core.AprLifecycleListener.lifecycleEvent The Apache Tomcat Native library which allows using OpenSSL was not found on the java.library.path: [C:\Program Files\Java\jdk-15.0.2\bin;C:\WINDOWS\Sun\Java\bin;C:\WINDOWS\system32;C:\WINDOWS;C:\Program Files\Common Files\Oracle\Java\javapath;C:\Python39\Scripts\;C:\Python39\;C:\Windows\system32;C:\Windows;C:\Windows\System32\Wbem;C:\Windows\System32\WindowsPowerShell\v1.0\;C:\Windows\System32\OpenSSH\;C:\Program Files (x86)\NVIDIA Corporation\PhysX\Common;C:\Program Files\Intel\WiFi\bin\;C:\Program Files\Common Files\Intel\WirelessCommon\;C:\Program Files\NVIDIA Corporation\NVIDIA NvDLISR;C:\Program Files\Git\cmd;C:\Program Files\PuTTY\;C:\WINDOWS\system32;C:\WINDOWS;C:\WINDOWS\System32\Wbem;C:\WINDOWS\System32\WindowsPowerShell\v1.0\;C:\WINDOWS\System32\OpenSSH\;C:\Program Files\nodejs\;C:\ProgramData\chocolatey\bin;C:\Program Files\dotnet\;C:\Program Files\Microsoft SQL Server\130\Tools\Binn\;C:\Program Files\TortoiseHg\;C:\Program Files\mingw-w64\x86_64-8.1.0-posix-seh-rt_v6-rev0\mingw64\bin;;C:\Users\noah\AppData\Local\Microsoft\WindowsApps;C:\Users\noah\AppData\Local\atom\bin;C:\Users\noah\AppData\Local\Programs\Microsoft VS Code\bin;C:\Users\noah\AppData\Local\Microsoft\WindowsApps;C:\Users\noah\AppData\Roaming\npm;C:\Users\noah\.dotnet\tools;"C:\Users\noah\AppData\Local\Programs\Python\Python38-32;C:\Users\noah\AppData\Local\Programs\Python\Python38-32\Scripts";C:\Users\noah\AppData\Local\GitHubDesktop\bin;.]
25-Sep-2021 16:29:03.317 INFO [main] org.apache.coyote.AbstractProtocol.init Initializing ProtocolHandler ["http-nio-8080"]
25-Sep-2021 16:29:03.350 INFO [main] org.apache.catalina.startup.Catalina.load Server initialization in [682] milliseconds
25-Sep-2021 16:29:03.410 INFO [main] org.apache.catalina.core.StandardService.startInternal Starting service [Catalina]
25-Sep-2021 16:29:03.411 INFO [main] org.apache.catalina.core.StandardEngine.startInternal Starting Servlet engine: [Apache Tomcat/10.0.11]
25-Sep-2021 16:29:03.429 INFO [main] org.apache.catalina.startup.HostConfig.deployDirectory Deploying web application directory [C:\Users\noah\Documents\NMT\CSE 321\zolink\apache-tomcat-10.0.11\webapps\docs]
25-Sep-2021 16:29:03.806 INFO [main] org.apache.catalina.startup.HostConfig.deployDirectory Deployment of web application directory [C:\Users\noah\Documents\NMT\CSE 321\zolink\apache-tomcat-10.0.11\webapps\docs] has finished in [376] ms
25-Sep-2021 16:29:03.806 INFO [main] org.apache.catalina.startup.HostConfig.deployDirectory Deploying web application directory [C:\Users\noah\Documents\NMT\CSE 321\zolink\apache-tomcat-10.0.11\webapps\examples]
25-Sep-2021 16:29:04.501 INFO [main] org.apache.catalina.startup.HostConfig.deployDirectory Deployment of web application directory [C:\Users\noah\Documents\NMT\CSE 321\zolink\apache-tomcat-10.0.11\webapps\examples] has finished in [695] ms
25-Sep-2021 16:29:04.501 INFO [main] org.apache.catalina.startup.HostConfig.deployDirectory Deploying web application directory [C:\Users\noah\Documents\NMT\CSE 321\zolink\apache-tomcat-10.0.11\webapps\host-manager]
25-Sep-2021 16:29:04.576 INFO [main] org.apache.catalina.startup.HostConfig.deployDirectory Deployment of web application directory [C:\Users\noah\Documents\NMT\CSE 321\zolink\apache-tomcat-10.0.11\webapps\host-manager] has finished in [74] ms
25-Sep-2021 16:29:04.576 INFO [main] org.apache.catalina.startup.HostConfig.deployDirectory Deploying web application directory [C:\Users\noah\Documents\NMT\CSE 321\zolink\apache-tomcat-10.0.11\webapps\manager]
25-Sep-2021 16:29:04.648 INFO [main] org.apache.catalina.startup.HostConfig.deployDirectory Deployment of web application directory [C:\Users\noah\Documents\NMT\CSE 321\zolink\apache-tomcat-10.0.11\webapps\manager] has finished in [72] ms
25-Sep-2021 16:29:04.649 INFO [main] org.apache.catalina.startup.HostConfig.deployDirectory Deploying web application directory [C:\Users\noah\Documents\NMT\CSE 321\zolink\apache-tomcat-10.0.11\webapps\ROOT]
25-Sep-2021 16:29:04.692 INFO [main] org.apache.catalina.startup.HostConfig.deployDirectory Deployment of web application directory [C:\Users\noah\Documents\NMT\CSE 321\zolink\apache-tomcat-10.0.11\webapps\ROOT] has finished in [43] ms
25-Sep-2021 16:29:04.695 INFO [main] org.apache.coyote.AbstractProtocol.start Starting ProtocolHandler ["http-nio-8080"]
25-Sep-2021 16:29:04.770 INFO [main] org.apache.catalina.startup.Catalina.start Server startup in [1419] milliseconds
25-Sep-2021 16:29:12.823 INFO [http-nio-8080-exec-9] org.apache.catalina.startup.HostConfig.deployDescriptor Deploying deployment descriptor [C:\Users\noah\Documents\NMT\CSE 321\zolink\apache-tomcat-10.0.11\conf\Catalina\localhost\zolink-java.xml]
25-Sep-2021 16:29:12.825 WARNING [http-nio-8080-exec-9] org.apache.catalina.startup.HostConfig.deployDescriptor The path attribute with value [/zolink-java] in deployment descriptor [C:\Users\noah\Documents\NMT\CSE 321\zolink\apache-tomcat-10.0.11\conf\Catalina\localhost\zolink-java.xml] has been ignored
25-Sep-2021 16:29:12.880 INFO [http-nio-8080-exec-9] org.apache.catalina.startup.HostConfig.deployDescriptor Deployment of deployment descriptor [C:\Users\noah\Documents\NMT\CSE 321\zolink\apache-tomcat-10.0.11\conf\Catalina\localhost\zolink-java.xml] has finished in [57] ms
25-Sep-2021 16:29:12.885 INFO [http-nio-8080-exec-10] org.apache.catalina.util.LifecycleBase.start The start() method was called on component [StandardEngine[Catalina].StandardHost[localhost].StandardContext[/zolink-java]] after start() had already been called. The second call will be ignored.
25-Sep-2021 17:04:14.813 INFO [main] org.apache.catalina.core.StandardServer.await A valid shutdown command was received via the shutdown port. Stopping the Server instance.
25-Sep-2021 17:04:14.814 INFO [main] org.apache.coyote.AbstractProtocol.pause Pausing ProtocolHandler ["http-nio-8080"]
25-Sep-2021 17:04:14.829 INFO [main] org.apache.catalina.core.StandardService.stopInternal Stopping service [Catalina]
25-Sep-2021 17:04:14.862 INFO [main] org.apache.coyote.AbstractProtocol.stop Stopping ProtocolHandler ["http-nio-8080"]
25-Sep-2021 17:04:14.891 INFO [main] org.apache.coyote.AbstractProtocol.destroy Destroying ProtocolHandler ["http-nio-8080"]
